<?xml version="1.0" encoding="UTF-8" ?>
<testsuite errors="0" failures="0" hostname="DarkMoon-PC" name="rp.sg.GPSTracking88.DatabaseTesting.ManipulateAndStoreData" tests="7" time="3.578" timestamp="2010-07-31T21:44:29">
  <properties>
[...]
</properties>
  <testcase classname="rp.sg.GPSTracking88.DatabaseTesting.ManipulateAndStoreData" name="addLocationToLocationListOfVehicle" time="0.618" />
  <testcase classname="rp.sg.GPSTracking88.DatabaseTesting.ManipulateAndStoreData" name="assignJobToTruck" time="0.806" />
  <testcase classname="rp.sg.GPSTracking88.DatabaseTesting.ManipulateAndStoreData" name="trackingLocationOfTruck" time="0.314" />
  <testcase classname="rp.sg.GPSTracking88.DatabaseTesting.ManipulateAndStoreData" name="addNewDeliveryRecord" time="0.904" />
  <testcase classname="rp.sg.GPSTracking88.DatabaseTesting.ManipulateAndStoreData" name="deliverOrderSuccess" time="0.222" />
  <testcase classname="rp.sg.GPSTracking88.DatabaseTesting.ManipulateAndStoreData" name="deliverAllOrderInDeliveryRecord" time="0.209" />
  <testcase classname="rp.sg.GPSTracking88.DatabaseTesting.ManipulateAndStoreData" name="checkStatusOfDeliveryRecordIfNotDeliverAllOrder" time="0.369" />
  <system-out><![CDATA[DeliveryRecord{Driver{ id = 1; name = Susan}; Vehicle{ id = 1; locationHistory = [GeoPoint{ lat=1.4335662226731052 ; lng=103.78698348999023}, GeoPoint{ lat=1.290269501929712; lng=103.8401985168457}]}; OrderList=[]}]]></system-out>
  <system-err><![CDATA[]]></system-err>
</testsuite>
